Tue Nov 29 16:20:37 2022: Error: File mario.piz does not exist LOCATION: TileGame.load_new_puzzle()
Wed Nov 30 21:00:11 2022: Error: File yosj does not exist LOCATION: TileGame.load_new_puzzle()
Wed Nov 30 21:01:21 2022: Error: File yosh does not exist LOCATION: TileGame.load_new_puzzle()
Wed Nov 30 21:01:41 2022: Error: File mario does not exist LOCATION: TileGame.load_new_puzzle()
Wed Nov 30 21:01:50 2022: Error: File None does not exist LOCATION: TileGame.load_new_puzzle()
Wed Nov 30 21:02:35 2022: Error: File mar does not exist LOCATION: TileGame.load_new_puzzle()
Wed Nov 30 21:02:51 2022: Error: File None does not exist LOCATION: TileGame.load_new_puzzle()
Wed Nov 30 21:03:50 2022: Error: File itch does not exist LOCATION: TileGame.load_new_puzzle()
Thu Dec  1 14:00:52 2022: Error: File yoshi does not exist LOCATION: TileGame.load_new_puzzle()
Thu Dec  1 18:56:43 2022: Error: File yoshi does not exist LOCATION: TileGame.load_new_puzzle()
Thu Dec  1 19:34:28 2022: Error: File None does not exist LOCATION: TileGame.load_new_puzzle()
Fri Dec  2 15:26:15 2022: Error: File None does not exist LOCATION: TileGame.load_new_puzzle()
Fri Dec  2 15:30:44 2022: Error: File None does not exist LOCATION: TileGame.load_new_puzzle()
Fri Dec  2 15:30:59 2022: Error: File i does not exist LOCATION: TileGame.load_new_puzzle()
Fri Dec  2 15:33:01 2022: Error: File i does not exist LOCATION: TileGame.load_new_puzzle()
Fri Dec  2 16:33:17 2022: Error: File None does not exist LOCATION: TileGame.load_new_puzzle()
Fri Dec  2 16:34:46 2022: Error: File None does not exist LOCATION: TileGame.load_new_puzzle()
Fri Dec  2 16:36:45 2022: Error: File None does not exist LOCATION: TileGame.load_new_puzzle()
Fri Dec  2 16:59:41 2022: Error: File None does not exist LOCATION: TileGame.load_new_puzzle()
Fri Dec  2 17:00:06 2022: Error: File None does not exist LOCATION: TileGame.load_new_puzzle()
Fri Dec  2 17:07:31 2022: Error: More than 10 files loaded LOCATION: TileGame.print_files(puzzle_lst)
Fri Dec  2 17:07:52 2022: Error: File fifteen.puz does not exist LOCATION: TileGame.load_new_puzzle()
Fri Dec  2 17:10:20 2022: Error: More than 10 files loaded LOCATION: TileGame.print_files(puzzle_lst)
Fri Dec  2 17:15:36 2022: Error: More than 10 files loaded LOCATION: TileGame.print_files(puzzle_lst)
Tue Dec  6 15:59:49 2022: Error: File luigi got wrong number of tiles LOCATION: TileGame.is_valid_num()
Tue Dec  6 16:01:30 2022: Error: File malformed_mario got wrong number of tiles LOCATION: TileGame.is_valid_num()
Tue Dec  6 16:22:16 2022: Error: File malformed_mario got wrong number of tiles LOCATION: TileGame.is_valid_num()
Tue Dec  6 16:23:54 2022: Error: File malformed_mario got wrong number of tiles LOCATION: TileGame.is_valid_num()
Tue Dec  6 16:24:03 2022: Error: File malformed_mario got wrong number of tiles LOCATION: TileGame.is_valid_num()
Tue Dec  6 16:25:11 2022: Error: File malformed_mario got wrong number of tiles LOCATION: TileGame.is_valid_num()
Tue Dec  6 16:27:01 2022: Error: File malformed_mario got wrong number of tiles LOCATION: TileGame.is_valid_num()
Tue Dec  6 16:51:36 2022: Error: File yoshi does not exist LOCATION: TileGame.load_new_puzzle()
Tue Dec  6 16:51:53 2022: Error: File penguin does not exist LOCATION: TileGame.load_new_puzzle()
Tue Dec  6 17:10:15 2022: Error: File mario does not exist LOCATION: TileGame.load_new_puzzle()
Tue Dec  6 17:10:25 2022: Error: File yoshi does not exist LOCATION: TileGame.load_new_puzzle()
Tue Dec  6 17:10:57 2022: Error: File malformed_mario has malformed dataLOCATION: TileGame.is_valid_num()
Tue Dec  6 17:11:07 2022: Error: File malformed_mario has malformed dataLOCATION: TileGame.is_valid_num()
Tue Dec  6 17:13:49 2022: Error: File yosh does not exist LOCATION: TileGame.load_new_puzzle()
Tue Dec  6 17:14:12 2022: Error: File malformed_mario has malformed dataLOCATION: TileGame.is_valid_num()
Tue Dec  6 17:14:14 2022: Error: File malformed_mario has malformed dataLOCATION: TileGame.is_valid_num()
Tue Dec  6 17:19:28 2022: Error: File malformed_mario has malformed dataLOCATION: TileGame.is_valid_num()
Tue Dec  6 17:20:16 2022: Error: File malformed_mario has malformed dataLOCATION: TileGame.is_valid_num()
Tue Dec  6 17:20:18 2022: Error: File malformed_mario has malformed dataLOCATION: TileGame.is_valid_num()
Tue Dec  6 17:34:08 2022: Error: File malformed does not exist LOCATION: TileGame.load_new_puzzle()
Tue Dec  6 17:34:19 2022: Error: File luigin.puz does not exist LOCATION: TileGame.load_new_puzzle()
Tue Dec  6 17:34:26 2022: Error: File malformed_mario.puz has malformed dataLOCATION: TileGame.load_new_puzzle()
Tue Dec  6 17:34:47 2022: Error: File malformed_mario.puz has malformed dataLOCATION: TileGame.load_new_puzzle()
Tue Dec  6 18:03:04 2022: Error: Could not open leader_board.txt. LOCATION: TileGame.read_leaderboard_file()
Tue Dec  6 18:03:58 2022: Error: Could not open leader_board.txt. LOCATION: TileGame.read_leaderboard_file()
Tue Dec  6 18:07:23 2022: Error: Could not open leader_board.txt. LOCATION: TileGame.read_leaderboard_file()
Tue Dec  6 18:07:51 2022: Error: Could not open leader_board.txt. LOCATION: TileGame.read_leaderboard_file()
Tue Dec  6 18:08:55 2022: Error: File malformed does not exist LOCATION: TileGame.load_new_puzzle()
Tue Dec  6 18:09:06 2022: Error: File malformed_mario.puz has malformed data LOCATION: TileGame.load_new_puzzle()
Tue Dec  6 18:11:09 2022: Error: Could not open leader_board.txt. LOCATION: TileGame.read_leaderboard_file()
Tue Dec  6 18:11:34 2022: Error: File malformed_mario does not exist LOCATION: TileGame.load_new_puzzle()
Tue Dec  6 18:11:41 2022: Error: File malformed_mario.puz has malformed data LOCATION: TileGame.load_new_puzzle()
Tue Dec  6 18:14:17 2022: Error: Could not open leader_board.txt. LOCATION: TileGame.read_leaderboard_file()
Tue Dec  6 18:15:25 2022: Error: could not open Images/marios_not_here/16.gif LOCATION: load_puzzle()
Tue Dec  6 18:15:25 2022: Error: could not open Images/marios_not_here/mario_thumbnail.gif LOCATION: load_puzzle()
Tue Dec  6 18:20:34 2022: Error: could not open Images/marios_not_here/16.gif LOCATION: load_puzzle()
Tue Dec  6 18:20:37 2022: Error: could not open Images/marios_not_here/mario_thumbnail.gif LOCATION: load_puzzle()
Tue Dec  6 18:24:54 2022: Error: could not open Images/marios_not_here/16.gif LOCATION: load_puzzle()
Tue Dec  6 18:24:56 2022: Error: could not open Images/marios_not_here/mario_thumbnail.gif LOCATION: load_puzzle()
Tue Dec  6 18:33:58 2022: Error: filename should be string typeLOCATION: initialize_file()
Tue Dec  6 19:08:32 2022: Error: File yoshi does not exist LOCATION: TileGame.load_new_puzzle()
Tue Dec  6 19:08:51 2022: Error: could not open Images/marios_not_here/16.gif LOCATION: load_puzzle()
Tue Dec  6 19:08:54 2022: Error: could not open Images/marios_not_here/mario_thumbnail.gif LOCATION: load_puzzle()
Tue Dec  6 19:21:47 2022: Error: File malformed_mario.puz has malformed data LOCATION: TileGame.load_new_puzzle()
Tue Dec  6 19:24:09 2022: Error: File yoshi does not exist LOCATION: TileGame.load_new_puzzle()
Tue Dec  6 19:27:33 2022: Error: File marina does not exist LOCATION: TileGame.load_new_puzzle()
Tue Dec  6 20:01:30 2022: Error: Could not open leader_board.txt. LOCATION: TileGame.read_leaderboard_file()
Tue Dec  6 20:02:09 2022: Error: Could not open leader_board.txt. LOCATION: TileGame.read_leaderboard_file()
Tue Dec  6 20:02:39 2022: Error: Could not open leader_board.txt. LOCATION: TileGame.read_leaderboard_file()
Tue Dec  6 20:03:33 2022: Error: File marina does not exist LOCATION: TileGame.load_new_puzzle()
Tue Dec  6 20:03:43 2022: Error: File malformed_mario.puz has malformed data LOCATION: TileGame.load_new_puzzle()
Wed Dec  7 18:06:42 2022: Error: File yoshua.puz does not exist LOCATION: TileGame.load_new_puzzle()
Wed Dec  7 18:06:53 2022: Error: File marina does not exist LOCATION: TileGame.load_new_puzzle()
Wed Dec  7 18:07:09 2022: Error: filename should be string typeLOCATION: initialize_file()
Wed Dec  7 18:07:24 2022: Error: File malformed_mario.puz has malformed data LOCATION: TileGame.load_new_puzzle()
Fri Dec  9 16:34:26 2022: Error: File yoshua does not exist LOCATION: TileGame.load_new_puzzle()
Fri Dec  9 16:34:34 2022: Error: File malformed_mario.puz has malformed data LOCATION: TileGame.load_new_puzzle()
Fri Dec  9 16:34:50 2022: Error: File lsmiley does not exist LOCATION: TileGame.load_new_puzzle()
Sat Dec 10 18:10:09 2022: Error: filename should be string typeLOCATION: initialize_file()
Sat Dec 10 18:23:53 2022: Error: filename should be string typeLOCATION: initialize_file()
Sat Dec 10 19:27:29 2022: Error: File luigui.puz does not exist LOCATION: TileGame.load_new_puzzle()
Sat Dec 10 20:37:47 2022: Error: File malformed_mario.puz has malformed data LOCATION: TileGame.load_new_puzzle()
Sun Dec 11 19:40:36 2022: Error: File malformed_mario.puz has malformed data LOCATION: TileGame.load_new_puzzle()
